$ storybook build --output-dir C:\Users\alefe\AppData\Local\Temp\chromatic--10228-pvESANTWspv2
@storybook/cli v8.0.9

info => Cleaning outputDir: ..\..\..\..\AppData\Local\Temp\chromatic--10228-pvESANTWspv2
info => Loading presets
info => Building manager..
info => Manager built (295 ms)
info => Building preview..
WARN No story files found for the specified pattern: src\**\*.mdx
info => Using implicit CSS loaders
info => Using SWC as compiler
info => Using default Webpack5 setup
info => Copying static files: public at ..\..\..\..\AppData\Local\Temp\chromatic--10228-pvESANTWspv2
WARN asset size limit: The following asset(s) exceed the recommended size limit (244 KiB).
WARN This can impact web performance.
WARN Assets: 
WARN   91.28ec4d0a.iframe.bundle.js (1 MiB)
WARN entrypoint size limit: The following entrypoint(s) combined asset size exceeds the recommended limit (244 KiB). This can impact web performance.
WARN Entrypoints:
WARN   main (1.02 MiB)
WARN       runtime~main.20dfd845.iframe.bundle.js
WARN       91.28ec4d0a.iframe.bundle.js
WARN       main.e4b292d3.iframe.bundle.js
WARN 
info => Preview built (19 s)
info => Output directory: C:\Users\alefe\AppData\Local\Temp\chromatic--10228-pvESANTWspv2
